# JRE version: OpenJDK Runtime Environment (16.0.2+7) (build 16.0.2+7-67)
# Java VM: OpenJDK 64-Bit Server VM (16.0.2+7-67, mixed mode, tiered, compressed oops, compressed class ptrs, g1 gc, windows-amd64)
GC Precious Log:
 CPUs: 4 total, 4 available
 Memory: 8053M
 Large Page Support: Disabled
 NUMA Support: Disabled
 Compressed Oops: Enabled (32-bit)
 Heap Region Size: 1M
 Heap Min Capacity: 8M
 Heap Initial Capacity: 126M
 Heap Max Capacity: 2014M
 Pre-touch: Disabled
 Parallel Workers: 4
 Concurrent Workers: 1
 Concurrent Refinement Workers: 4
 Periodic GC: Disabled
Heap:
 garbage-first heap   total 96256K, used 73688K [0x0000000082200000, 0x0000000100000000)
  region size 1024K, 49 young (50176K), 7 survivors (7168K)
 Metaspace       used 80025K, committed 80448K, reserved 1122304K
  class space    used 10192K, committed 10432K, reserved 1048576K
GC Heap History (20 events):
Event: 4.318 GC heap before
{Heap before GC invocations=8 (full 0):
 garbage-first heap   total 94208K, used 65352K [0x0000000082200000, 0x0000000100000000)
  region size 1024K, 55 young (56320K), 2 survivors (2048K)
 Metaspace       used 30747K, committed 31040K, reserved 1081344K
  class space    used 3523K, committed 3648K, reserved 1048576K
}
Event: 4.327 GC heap after
{Heap after GC invocations=9 (full 0):
 garbage-first heap   total 94208K, used 13198K [0x0000000082200000, 0x0000000100000000)
  region size 1024K, 4 young (4096K), 4 survivors (4096K)
 Metaspace       used 30747K, committed 31040K, reserved 1081344K
  class space    used 3523K, committed 3648K, reserved 1048576K
}
Event: 5.733 GC heap before
{Heap before GC invocations=9 (full 0):
 garbage-first heap   total 94208K, used 42894K [0x0000000082200000, 0x0000000100000000)
  region size 1024K, 34 young (34816K), 4 survivors (4096K)
 Metaspace       used 35230K, committed 35520K, reserved 1081344K
  class space    used 4140K, committed 4288K, reserved 1048576K
}
Event: 5.746 GC heap after
{Heap after GC invocations=10 (full 0):
 garbage-first heap   total 94208K, used 15275K [0x0000000082200000, 0x0000000100000000)
  region size 1024K, 6 young (6144K), 6 survivors (6144K)
 Metaspace       used 35230K, committed 35520K, reserved 1081344K
  class space    used 4140K, committed 4288K, reserved 1048576K
}
Event: 6.694 GC heap before
{Heap before GC invocations=11 (full 0):
 garbage-first heap   total 61440K, used 44971K [0x0000000082200000, 0x0000000100000000)
  region size 1024K, 36 young (36864K), 6 survivors (6144K)
 Metaspace       used 38843K, committed 39232K, reserved 1089536K
  class space    used 4626K, committed 4800K, reserved 1048576K
}
Event: 6.707 GC heap after
{Heap after GC invocations=12 (full 0):
 garbage-first heap   total 61440K, used 17705K [0x0000000082200000, 0x0000000100000000)
  region size 1024K, 5 young (5120K), 5 survivors (5120K)
 Metaspace       used 38843K, committed 39232K, reserved 1089536K
  class space    used 4626K, committed 4800K, reserved 1048576K
}
Event: 6.720 GC heap before
{Heap before GC invocations=12 (full 0):
 garbage-first heap   total 61440K, used 45353K [0x0000000082200000, 0x0000000100000000)
  region size 1024K, 33 young (33792K), 5 survivors (5120K)
 Metaspace       used 38843K, committed 39232K, reserved 1089536K
  class space    used 4626K, committed 4800K, reserved 1048576K
}
Event: 6.727 GC heap after
{Heap after GC invocations=13 (full 0):
 garbage-first heap   total 61440K, used 17804K [0x0000000082200000, 0x0000000100000000)
  region size 1024K, 3 young (3072K), 3 survivors (3072K)
 Metaspace       used 38843K, committed 39232K, reserved 1089536K
  class space    used 4626K, committed 4800K, reserved 1048576K
}
Event: 6.924 GC heap before
{Heap before GC invocations=13 (full 0):
 garbage-first heap   total 61440K, used 46476K [0x0000000082200000, 0x0000000100000000)
  region size 1024K, 32 young (32768K), 3 survivors (3072K)
 Metaspace       used 39555K, committed 39936K, reserved 1089536K
  class space    used 4688K, committed 4864K, reserved 1048576K
}
Event: 6.930 GC heap after
{Heap after GC invocations=14 (full 0):
 garbage-first heap   total 61440K, used 18136K [0x0000000082200000, 0x0000000100000000)
  region size 1024K, 3 young (3072K), 3 survivors (3072K)
 Metaspace       used 39555K, committed 39936K, reserved 1089536K
  class space    used 4688K, committed 4864K, reserved 1048576K
}
Event: 7.370 GC heap before
{Heap before GC invocations=14 (full 0):
 garbage-first heap   total 61440K, used 46808K [0x0000000082200000, 0x0000000100000000)
  region size 1024K, 32 young (32768K), 3 survivors (3072K)
 Metaspace       used 40642K, committed 40960K, reserved 1089536K
  class space    used 4836K, committed 4992K, reserved 1048576K
}
Event: 7.377 GC heap after
{Heap after GC invocations=15 (full 0):
 garbage-first heap   total 122880K, used 18445K [0x0000000082200000, 0x0000000100000000)
  region size 1024K, 2 young (2048K), 2 survivors (2048K)
 Metaspace       used 40642K, committed 40960K, reserved 1089536K
  class space    used 4836K, committed 4992K, reserved 1048576K
}
Event: 10.071 GC heap before
{Heap before GC invocations=15 (full 0):
 garbage-first heap   total 122880K, used 90125K [0x0000000082200000, 0x0000000100000000)
  region size 1024K, 72 young (73728K), 2 survivors (2048K)
 Metaspace       used 57645K, committed 58048K, reserved 1105920K
  class space    used 7085K, committed 7296K, reserved 1048576K
}
Event: 10.080 GC heap after
{Heap after GC invocations=16 (full 0):
 garbage-first heap   total 122880K, used 23790K [0x0000000082200000, 0x0000000100000000)
  region size 1024K, 7 young (7168K), 7 survivors (7168K)
 Metaspace       used 57645K, committed 58048K, reserved 1105920K
  class space    used 7085K, committed 7296K, reserved 1048576K
}
Event: 10.245 GC heap before
{Heap before GC invocations=16 (full 0):
 garbage-first heap   total 122880K, used 27886K [0x0000000082200000, 0x0000000100000000)
  region size 1024K, 12 young (12288K), 7 survivors (7168K)
 Metaspace       used 58999K, committed 59328K, reserved 1105920K
  class space    used 7280K, committed 7488K, reserved 1048576K
}
Event: 10.255 GC heap after
{Heap after GC invocations=17 (full 0):
 garbage-first heap   total 122880K, used 24637K [0x0000000082200000, 0x0000000100000000)
  region size 1024K, 1 young (1024K), 1 survivors (1024K)
 Metaspace       used 58999K, committed 59328K, reserved 1105920K
  class space    used 7280K, committed 7488K, reserved 1048576K
}
Event: 12.440 GC heap before
{Heap before GC invocations=18 (full 0):
 garbage-first heap   total 96256K, used 83005K [0x0000000082200000, 0x0000000100000000)
  region size 1024K, 58 young (59392K), 1 survivors (1024K)
 Metaspace       used 67306K, committed 67712K, reserved 1114112K
  class space    used 8499K, committed 8704K, reserved 1048576K
}
Event: 12.449 GC heap after
{Heap after GC invocations=19 (full 0):
 garbage-first heap   total 96256K, used 27226K [0x0000000082200000, 0x0000000100000000)
  region size 1024K, 4 young (4096K), 4 survivors (4096K)
 Metaspace       used 67306K, committed 67712K, reserved 1114112K
  class space    used 8499K, committed 8704K, reserved 1048576K
}
Event: 14.461 GC heap before
{Heap before GC invocations=20 (full 0):
 garbage-first heap   total 96256K, used 75354K [0x0000000082200000, 0x0000000100000000)
  region size 1024K, 51 young (52224K), 4 survivors (4096K)
 Metaspace       used 73574K, committed 74048K, reserved 1114112K
  class space    used 9345K, committed 9600K, reserved 1048576K
}
Event: 14.476 GC heap after
{Heap after GC invocations=21 (full 0):
 garbage-first heap   total 96256K, used 31704K [0x0000000082200000, 0x0000000100000000)
  region size 1024K, 7 young (7168K), 7 survivors (7168K)
 Metaspace       used 73574K, committed 74048K, reserved 1114112K
  class space    used 9345K, committed 9600K, reserved 1048576K
}

